This is pdfTeX, Version 3.14159265-2.6-1.40.21 (MiKTeX 20.10) (preloaded format=pdflatex 2020.10.22)  17 NOV 2021 00:27
entering extended mode
**./9490977952.tex
(9490977952.tex
LaTeX2e <2020-10-01> patch level 1
L3 programming layer <2020-10-05> xparse <2020-03-03>
("C:\Program Files\MiKTeX\tex/latex/base\article.cls"
Document Class: article 2020/04/10 v1.4m Standard LaTeX document class
("C:\Program Files\MiKTeX\tex/latex/base\size10.clo"
File: size10.clo 2020/04/10 v1.4m Standard LaTeX file (size option)
)
\c@part=\count175
\c@section=\count176
\c@subsection=\count177
\c@subsubsection=\count178
\c@paragraph=\count179
\c@subparagraph=\count180
\c@figure=\count181
\c@table=\count182
\abovecaptionskip=\skip47
\belowcaptionskip=\skip48
\bibindent=\dimen138
)
("C:\Users\The Beast\AppData\Roaming\MiKTeX\tex/latex/fontawesome5\fontawesome5
.sty" ("C:\Program Files\MiKTeX\tex/latex/l3kernel\expl3.sty"
Package: expl3 2020-10-05 L3 programming layer (loader) 

("C:\Program Files\MiKTeX\tex/latex/l3backend\l3backend-pdftex.def"
File: l3backend-pdftex.def 2020-09-24 L3 backend support: PDF output (pdfTeX)
\l__kernel_color_stack_int=\count183
\l__pdf_internal_box=\box47
))
Package: fontawesome5 2020/03/24 v5.13.0 Font Awesome 5

("C:\Program Files\MiKTeX\tex/latex/l3packages/l3keys2e\l3keys2e.sty"
Package: l3keys2e 2020-10-05 LaTeX2e option processing using LaTeX3 keys
)
("C:\Program Files\MiKTeX\tex/latex/l3packages/xparse\xparse.sty"
Package: xparse 2020-10-05 L3 Experimental document command parser

("C:\Program Files\MiKTeX\tex/latex/l3packages/xparse\xparse-generic.tex"))
("C:\Users\The Beast\AppData\Roaming\MiKTeX\tex/latex/fontawesome5\fontawesome5
-generic-helper.sty"
Package: fontawesome5-generic-helper 2020/03/24 v5.13.0 non-uTeX helper for fon
tawesome5

("C:\Users\The Beast\AppData\Roaming\MiKTeX\tex/latex/fontawesome5\fontawesome5
-mapping.def"))) ("C:\Program Files\MiKTeX\tex/latex/graphics\graphicx.sty"
Package: graphicx 2020/09/09 v1.2b Enhanced LaTeX Graphics (DPC,SPQR)

("C:\Program Files\MiKTeX\tex/latex/graphics\keyval.sty"
Package: keyval 2014/10/28 v1.15 key=value parser (DPC)
\KV@toks@=\toks15
)
("C:\Program Files\MiKTeX\tex/latex/graphics\graphics.sty"
Package: graphics 2020/08/30 v1.4c Standard LaTeX Graphics (DPC,SPQR)

("C:\Program Files\MiKTeX\tex/latex/graphics\trig.sty"
Package: trig 2016/01/03 v1.10 sin cos tan (DPC)
)
("C:\Program Files\MiKTeX\tex/latex/graphics-cfg\graphics.cfg"
File: graphics.cfg 2016/06/04 v1.11 sample graphics configuration
)
Package graphics Info: Driver file: pdftex.def on input line 105.

("C:\Program Files\MiKTeX\tex/latex/graphics-def\pdftex.def"
File: pdftex.def 2020/10/05 v1.2a Graphics/color driver for pdftex
))
\Gin@req@height=\dimen139
\Gin@req@width=\dimen140
)
("C:\Program Files\MiKTeX\tex/latex/hyperref\hyperref.sty"
Package: hyperref 2020-05-15 v7.00e Hypertext links for LaTeX

("C:\Users\The Beast\AppData\Roaming\MiKTeX\tex/generic/ltxcmds\ltxcmds.sty"
Package: ltxcmds 2020-05-10 v1.25 LaTeX kernel commands for general use (HO)
)
("C:\Program Files\MiKTeX\tex/generic/iftex\iftex.sty"
Package: iftex 2020/03/06 v1.0d TeX engine tests
)
("C:\Program Files\MiKTeX\tex/generic/pdftexcmds\pdftexcmds.sty"
Package: pdftexcmds 2020-06-27 v0.33 Utility functions of pdfTeX for LuaTeX (HO
)

("C:\Users\The Beast\AppData\Roaming\MiKTeX\tex/generic/infwarerr\infwarerr.sty
"
Package: infwarerr 2019/12/03 v1.5 Providing info/warning/error messages (HO)
)
Package pdftexcmds Info: \pdf@primitive is available.
Package pdftexcmds Info: \pdf@ifprimitive is available.
Package pdftexcmds Info: \pdfdraftmode found.
)
("C:\Users\The Beast\AppData\Roaming\MiKTeX\tex/generic/kvsetkeys\kvsetkeys.sty
"
Package: kvsetkeys 2019/12/15 v1.18 Key value parser (HO)
)
("C:\Users\The Beast\AppData\Roaming\MiKTeX\tex/generic/kvdefinekeys\kvdefineke
ys.sty"
Package: kvdefinekeys 2019-12-19 v1.6 Define keys (HO)
)
("C:\Users\The Beast\AppData\Roaming\MiKTeX\tex/generic/pdfescape\pdfescape.sty
"
Package: pdfescape 2019/12/09 v1.15 Implements pdfTeX's escape features (HO)
) ("C:\Users\The Beast\AppData\Roaming\MiKTeX\tex/latex/hycolor\hycolor.sty"
Package: hycolor 2020-01-27 v1.10 Color options for hyperref/bookmark (HO)
)
("C:\Users\The Beast\AppData\Roaming\MiKTeX\tex/latex/letltxmacro\letltxmacro.s
ty"
Package: letltxmacro 2019/12/03 v1.6 Let assignment for LaTeX macros (HO)
) ("C:\Users\The Beast\AppData\Roaming\MiKTeX\tex/latex/auxhook\auxhook.sty"
Package: auxhook 2019-12-17 v1.6 Hooks for auxiliary files (HO)
) ("C:\Users\The Beast\AppData\Roaming\MiKTeX\tex/latex/kvoptions\kvoptions.sty
"
Package: kvoptions 2019/11/29 v3.13 Key value format for package options (HO)
)
\@linkdim=\dimen141
\Hy@linkcounter=\count184
\Hy@pagecounter=\count185
 ("C:\Program Files\MiKTeX\tex/latex/hyperref\pd1enc.def"
File: pd1enc.def 2020-05-15 v7.00e Hyperref: PDFDocEncoding definition (HO)
Now handling font encoding PD1 ...
... no UTF-8 mapping file for font encoding PD1
)
("C:\Users\The Beast\AppData\Roaming\MiKTeX\tex/generic/intcalc\intcalc.sty"
Package: intcalc 2019/12/15 v1.3 Expandable calculations with integers (HO)
)
("C:\Users\The Beast\AppData\Roaming\MiKTeX\tex/generic/etexcmds\etexcmds.sty"
Package: etexcmds 2019/12/15 v1.7 Avoid name clashes with e-TeX commands (HO)
)
\Hy@SavedSpaceFactor=\count186
Package hyperref Info: Hyper figures OFF on input line 4464.
Package hyperref Info: Link nesting OFF on input line 4469.
Package hyperref Info: Hyper index ON on input line 4472.
Package hyperref Info: Plain pages OFF on input line 4479.
Package hyperref Info: Backreferencing OFF on input line 4484.
Package hyperref Info: Implicit mode ON; LaTeX internals redefined.
Package hyperref Info: Bookmarks ON on input line 4717.
\c@Hy@tempcnt=\count187
("C:\Program Files\MiKTeX\tex/latex/url\url.sty"
\Urlmuskip=\muskip16
Package: url 2013/09/16  ver 3.4  Verb mode for urls, etc.
)
LaTeX Info: Redefining \url on input line 5076.
\XeTeXLinkMargin=\dimen142

("C:\Users\The Beast\AppData\Roaming\MiKTeX\tex/generic/bitset\bitset.sty"
Package: bitset 2019/12/09 v1.3 Handle bit-vector datatype (HO)

("C:\Users\The Beast\AppData\Roaming\MiKTeX\tex/generic/bigintcalc\bigintcalc.s
ty"
Package: bigintcalc 2019/12/15 v1.5 Expandable calculations on big integers (HO
)
))
\Fld@menulength=\count188
\Field@Width=\dimen143
\Fld@charsize=\dimen144
Package hyperref Info: Hyper figures OFF on input line 6347.
Package hyperref Info: Link nesting OFF on input line 6352.
Package hyperref Info: Hyper index ON on input line 6355.
Package hyperref Info: backreferencing OFF on input line 6362.
Package hyperref Info: Link coloring OFF on input line 6367.
Package hyperref Info: Link coloring with OCG OFF on input line 6372.
Package hyperref Info: PDF/A mode OFF on input line 6377.
LaTeX Info: Redefining \ref on input line 6417.
LaTeX Info: Redefining \pageref on input line 6421.
 ("C:\Program Files\MiKTeX\tex/latex/base\atbegshi-ltx.sty"
Package: atbegshi-ltx 2020/08/17 v1.0a Emulation of the original atbegshi packa
ge
with kernel methods
)
\Hy@abspage=\count189
\c@Item=\count190
\c@Hfootnote=\count191
)
Package hyperref Info: Driver (autodetected): hpdftex.

("C:\Program Files\MiKTeX\tex/latex/hyperref\hpdftex.def"
File: hpdftex.def 2020-05-15 v7.00e Hyperref driver for pdfTeX

("C:\Program Files\MiKTeX\tex/latex/base\atveryend-ltx.sty"
Package: atveryend-ltx 2020/08/19 v1.0a Emulation of the original atvery packag
e
with kernel methods
)
\Fld@listcount=\count192
\c@bookmark@seq@number=\count193

("C:\Users\The Beast\AppData\Roaming\MiKTeX\tex/latex/rerunfilecheck\rerunfilec
heck.sty"
Package: rerunfilecheck 2019/12/05 v1.9 Rerun checks for auxiliary files (HO)

("C:\Users\The Beast\AppData\Roaming\MiKTeX\tex/generic/uniquecounter\uniquecou
nter.sty"
Package: uniquecounter 2019/12/15 v1.4 Provide unlimited unique counter (HO)
)
Package uniquecounter Info: New unique counter `rerunfilecheck' on input line 2
86.
)
\Hy@SectionHShift=\skip49
) (9490977952.aux)
\openout1 = `9490977952.aux'.

LaTeX Font Info:    Checking defaults for OML/cmm/m/it on input line 6.
LaTeX Font Info:    ... okay on input line 6.
LaTeX Font Info:    Checking defaults for OMS/cmsy/m/n on input line 6.
LaTeX Font Info:    ... okay on input line 6.
LaTeX Font Info:    Checking defaults for OT1/cmr/m/n on input line 6.
LaTeX Font Info:    ... okay on input line 6.
LaTeX Font Info:    Checking defaults for T1/cmr/m/n on input line 6.
LaTeX Font Info:    ... okay on input line 6.
LaTeX Font Info:    Checking defaults for TS1/cmr/m/n on input line 6.
LaTeX Font Info:    ... okay on input line 6.
LaTeX Font Info:    Checking defaults for OMX/cmex/m/n on input line 6.
LaTeX Font Info:    ... okay on input line 6.
LaTeX Font Info:    Checking defaults for U/cmr/m/n on input line 6.
LaTeX Font Info:    ... okay on input line 6.
LaTeX Font Info:    Checking defaults for PD1/pdf/m/n on input line 6.
LaTeX Font Info:    ... okay on input line 6.

("C:\Program Files\MiKTeX\tex/context/base/mkii\supp-pdf.mkii"
[Loading MPS to PDF converter (version 2006.09.02).]
\scratchcounter=\count194
\scratchdimen=\dimen145
\scratchbox=\box48
\nofMPsegments=\count195
\nofMParguments=\count196
\everyMPshowfont=\toks16
\MPscratchCnt=\count197
\MPscratchDim=\dimen146
\MPnumerator=\count198
\makeMPintoPDFobject=\count199
\everyMPtoPDFconversion=\toks17
) ("C:\Program Files\MiKTeX\tex/latex/epstopdf-pkg\epstopdf-base.sty"
Package: epstopdf-base 2020-01-24 v2.11 Base part for package epstopdf
Package epstopdf-base Info: Redefining graphics rule for `.eps' on input line 4
85.
)
Package hyperref Info: Link coloring OFF on input line 6.

("C:\Program Files\MiKTeX\tex/latex/hyperref\nameref.sty"
Package: nameref 2019/09/16 v2.46 Cross-referencing by name of section

("C:\Users\The Beast\AppData\Roaming\MiKTeX\tex/latex/refcount\refcount.sty"
Package: refcount 2019/12/15 v3.6 Data extraction from label references (HO)
)
("C:\Users\The Beast\AppData\Roaming\MiKTeX\tex/generic/gettitlestring\gettitle
string.sty"
Package: gettitlestring 2019/12/15 v1.6 Cleanup title references (HO)
)
\c@section@level=\count266
)
LaTeX Info: Redefining \ref on input line 6.
LaTeX Info: Redefining \pageref on input line 6.
LaTeX Info: Redefining \nameref on input line 6.
 (9490977952.out) (9490977952.out)
\@outlinefile=\write3
\openout3 = `9490977952.out'.

LaTeX Font Info:    External font `cmex10' loaded for size
(Font)              <7> on input line 10.
LaTeX Font Info:    External font `cmex10' loaded for size
(Font)              <5> on input line 10.
LaTeX Font Info:    Trying to load font information for U+fontawesomefree2 on i
nput line 11.

("C:\Users\The Beast\AppData\Roaming\MiKTeX\tex/latex/fontawesome5\ufontawesome
free2.fd")
LaTeX Font Info:    Trying to load font information for U+fontawesomefree1 on i
nput line 11.

("C:\Users\The Beast\AppData\Roaming\MiKTeX\tex/latex/fontawesome5\ufontawesome
free1.fd")
LaTeX Font Info:    Trying to load font information for U+fontawesomebrands0 on
 input line 12.

("C:\Users\The Beast\AppData\Roaming\MiKTeX\tex/latex/fontawesome5\ufontawesome
brands0.fd")
LaTeX Font Info:    Font shape `U/fontawesomebrands0/solid/n' in size <10> not 
available
(Font)              Font shape `U/fontawesomebrands0/regular/n' tried instead o
n input line 12.

Overfull \hbox (13.84398pt too wide) in paragraph at lines 10--14
[] 
 []

LaTeX Font Info:    Trying to load font information for U+fontawesomefree3 on i
nput line 17.

("C:\Users\The Beast\AppData\Roaming\MiKTeX\tex/latex/fontawesome5\ufontawesome
free3.fd")
<isro.png, id=5, 1204.5pt x 1164.35pt>
File: isro.png Graphic file (type png)
<use isro.png>
Package pdftex.def Info: isro.png  used on input line 30.
(pdftex.def)             Requested size: 14.05255pt x 13.57362pt.
 [1

{C:/Users/The Beast/AppData/Local/MiKTeX/pdftex/config/pdftex.map} <./isro.png>
] (9490977952.aux)
Package rerunfilecheck Info: File `9490977952.out' has not changed.
(rerunfilecheck)             Checksum: D41D8CD98F00B204E9800998ECF8427E;0.
 ) 
Here is how much of TeX's memory you used:
 8172 strings out of 480236
 148046 string characters out of 2890365
 420961 words of memory out of 3000000
 24624 multiletter control sequences out of 15000+200000
 538356 words of font info for 40 fonts, out of 3000000 for 9000
 1141 hyphenation exceptions out of 8191
 60i,7n,67p,305b,315s stack positions out of 5000i,500n,10000p,200000b,50000s
 <C:\Users\The Beast\AppData\Local\MiKTeX\fonts/pk/ljfour/jknappen/ec/dpi600\
tcrm0900.pk> <C:\Users\The Beast\AppData\Local\MiKTeX\fonts/pk/ljfour/jknappen/
ec/dpi600\tcrm1000.pk>{C:/Users/The Beast/AppData/Roaming/MiKTeX/fonts/enc/dvip
s/fontawesome5/fa5free3.enc}{C:/Users/The Beast/AppData/Roaming/MiKTeX/fonts/en
c/dvips/fontawesome5/fa5brands0.enc}{C:/Users/The Beast/AppData/Roaming/MiKTeX/
fonts/enc/dvips/fontawesome5/fa5free1.enc}{C:/Users/The Beast/AppData/Roaming/M
iKTeX/fonts/enc/dvips/fontawesome5/fa5free2.enc}<C:/Users/The Beast/AppData/Roa
ming/MiKTeX/fonts/type1/public/fontawesome5/FontAwesome5Brands-Regular.pfb><C:/
Users/The Beast/AppData/Roaming/MiKTeX/fonts/type1/public/fontawesome5/FontAwes
ome5Free-Solid.pfb><C:/Program Files/MiKTeX/fonts/type1/public/amsfonts/cm/cmbx
12.pfb><C:/Program Files/MiKTeX/fonts/type1/public/amsfonts/cm/cmr10.pfb><C:/Pr
ogram Files/MiKTeX/fonts/type1/public/amsfonts/cm/cmr7.pfb><C:/Program Files/Mi
KTeX/fonts/type1/public/amsfonts/cm/cmr9.pfb><C:/Program Files/MiKTeX/fonts/typ
e1/public/amsfonts/cm/cmtt10.pfb>
Output written on 9490977952.pdf (1 page, 150605 bytes).
PDF statistics:
 70 PDF objects out of 1000 (max. 8388607)
 7 named destinations out of 1000 (max. 500000)
 6 words of extra memory for PDF output out of 10000 (max. 10000000)

